测试矩阵规模：1000 1000 1000
每个数据测量 5 次
数据测量交替执行
/root/upper_level_algorithm_opt/src/./matrix-1000-1000-1000.0.bin 第 0 次耗时: 8.58364 秒
/root/upper_level_algorithm_opt/src/./matrix-1000-1000-1000.1.bin 第 0 次耗时: 9.37323 秒
/root/upper_level_algorithm_opt/src/./matrix-1000-1000-1000.2.bin 第 0 次耗时: 9.21417 秒
/root/upper_level_algorithm_opt/src/./matrix-1000-1000-1000.3.bin 第 0 次耗时: 8.58296 秒
/root/upper_level_algorithm_opt/src/./matrix-1000-1000-1000.4.bin 第 0 次耗时: 10.1506 秒
/root/upper_level_algorithm_opt/src/./matrix-1000-1000-1000.5.bin 第 0 次耗时: 8.48489 秒
/root/upper_level_algorithm_opt/src/./matrix-1000-1000-1000.6.bin 第 0 次耗时: 8.9233 秒
/root/upper_level_algorithm_opt/src/./matrix-1000-1000-1000.7.bin 第 0 次耗时: 9.76064 秒
/root/upper_level_algorithm_opt/src/./matrix-1000-1000-1000.8.bin 第 0 次耗时: 8.53982 秒
/root/upper_level_algorithm_opt/src/./matrix-1000-1000-1000.9.bin 第 0 次耗时: 10.1649 秒
/root/upper_level_algorithm_opt/src/./matrix-1000-1000-1000.0.bin 第 1 次耗时: 8.70052 秒
/root/upper_level_algorithm_opt/src/./matrix-1000-1000-1000.1.bin 第 1 次耗时: 9.48582 秒
/root/upper_level_algorithm_opt/src/./matrix-1000-1000-1000.2.bin 第 1 次耗时: 9.44949 秒
/root/upper_level_algorithm_opt/src/./matrix-1000-1000-1000.3.bin 第 1 次耗时: 8.77495 秒
/root/upper_level_algorithm_opt/src/./matrix-1000-1000-1000.4.bin 第 1 次耗时: 10.2073 秒
/root/upper_level_algorithm_opt/src/./matrix-1000-1000-1000.5.bin 第 1 次耗时: 8.72363 秒
/root/upper_level_algorithm_opt/src/./matrix-1000-1000-1000.6.bin 第 1 次耗时: 9.4333 秒
/root/upper_level_algorithm_opt/src/./matrix-1000-1000-1000.7.bin 第 1 次耗时: 9.2257 秒
/root/upper_level_algorithm_opt/src/./matrix-1000-1000-1000.8.bin 第 1 次耗时: 8.61855 秒
/root/upper_level_algorithm_opt/src/./matrix-1000-1000-1000.9.bin 第 1 次耗时: 10.1414 秒
/root/upper_level_algorithm_opt/src/./matrix-1000-1000-1000.0.bin 第 2 次耗时: 8.60907 秒
/root/upper_level_algorithm_opt/src/./matrix-1000-1000-1000.1.bin 第 2 次耗时: 9.35061 秒
/root/upper_level_algorithm_opt/src/./matrix-1000-1000-1000.2.bin 第 2 次耗时: 9.38601 秒
/root/upper_level_algorithm_opt/src/./matrix-1000-1000-1000.3.bin 第 2 次耗时: 8.5656 秒
/root/upper_level_algorithm_opt/src/./matrix-1000-1000-1000.4.bin 第 2 次耗时: 10.1339 秒
/root/upper_level_algorithm_opt/src/./matrix-1000-1000-1000.5.bin 第 2 次耗时: 8.51607 秒
/root/upper_level_algorithm_opt/src/./matrix-1000-1000-1000.6.bin 第 2 次耗时: 9.38134 秒
/root/upper_level_algorithm_opt/src/./matrix-1000-1000-1000.7.bin 第 2 次耗时: 9.27661 秒
/root/upper_level_algorithm_opt/src/./matrix-1000-1000-1000.8.bin 第 2 次耗时: 8.55953 秒
/root/upper_level_algorithm_opt/src/./matrix-1000-1000-1000.9.bin 第 2 次耗时: 10.1693 秒
/root/upper_level_algorithm_opt/src/./matrix-1000-1000-1000.0.bin 第 3 次耗时: 8.52806 秒
/root/upper_level_algorithm_opt/src/./matrix-1000-1000-1000.1.bin 第 3 次耗时: 9.20979 秒
/root/upper_level_algorithm_opt/src/./matrix-1000-1000-1000.2.bin 第 3 次耗时: 9.57344 秒
/root/upper_level_algorithm_opt/src/./matrix-1000-1000-1000.3.bin 第 3 次耗时: 8.56401 秒
/root/upper_level_algorithm_opt/src/./matrix-1000-1000-1000.4.bin 第 3 次耗时: 10.1146 秒
/root/upper_level_algorithm_opt/src/./matrix-1000-1000-1000.5.bin 第 3 次耗时: 8.52073 秒
/root/upper_level_algorithm_opt/src/./matrix-1000-1000-1000.6.bin 第 3 次耗时: 9.11501 秒
/root/upper_level_algorithm_opt/src/./matrix-1000-1000-1000.7.bin 第 3 次耗时: 9.55173 秒
/root/upper_level_algorithm_opt/src/./matrix-1000-1000-1000.8.bin 第 3 次耗时: 8.67025 秒
/root/upper_level_algorithm_opt/src/./matrix-1000-1000-1000.9.bin 第 3 次耗时: 10.1344 秒
/root/upper_level_algorithm_opt/src/./matrix-1000-1000-1000.0.bin 第 4 次耗时: 8.498 秒
/root/upper_level_algorithm_opt/src/./matrix-1000-1000-1000.1.bin 第 4 次耗时: 8.88446 秒
/root/upper_level_algorithm_opt/src/./matrix-1000-1000-1000.2.bin 第 4 次耗时: 9.91514 秒
/root/upper_level_algorithm_opt/src/./matrix-1000-1000-1000.3.bin 第 4 次耗时: 8.65181 秒
/root/upper_level_algorithm_opt/src/./matrix-1000-1000-1000.4.bin 第 4 次耗时: 10.221 秒
/root/upper_level_algorithm_opt/src/./matrix-1000-1000-1000.5.bin 第 4 次耗时: 8.5842 秒
/root/upper_level_algorithm_opt/src/./matrix-1000-1000-1000.6.bin 第 4 次耗时: 9.23444 秒
/root/upper_level_algorithm_opt/src/./matrix-1000-1000-1000.7.bin 第 4 次耗时: 9.45328 秒
/root/upper_level_algorithm_opt/src/./matrix-1000-1000-1000.8.bin 第 4 次耗时: 8.72224 秒
/root/upper_level_algorithm_opt/src/./matrix-1000-1000-1000.9.bin 第 4 次耗时: 10.2996 秒
测量结束
