测试矩阵规模：1000 1000 1000
每个数据测量 5 次
数据测量交替执行
/root/upper_level_algorithm_opt/src/./matrix-1000-1000-1000.0.bin 第 0 次耗时: 0.170349 秒
/root/upper_level_algorithm_opt/src/./matrix-1000-1000-1000.1.bin 第 0 次耗时: 0.011676 秒
/root/upper_level_algorithm_opt/src/./matrix-1000-1000-1000.2.bin 第 0 次耗时: 0.009652 秒
/root/upper_level_algorithm_opt/src/./matrix-1000-1000-1000.3.bin 第 0 次耗时: 0.009405 秒
/root/upper_level_algorithm_opt/src/./matrix-1000-1000-1000.4.bin 第 0 次耗时: 0.009493 秒
/root/upper_level_algorithm_opt/src/./matrix-1000-1000-1000.5.bin 第 0 次耗时: 0.009571 秒
/root/upper_level_algorithm_opt/src/./matrix-1000-1000-1000.6.bin 第 0 次耗时: 0.009472 秒
/root/upper_level_algorithm_opt/src/./matrix-1000-1000-1000.7.bin 第 0 次耗时: 0.009691 秒
/root/upper_level_algorithm_opt/src/./matrix-1000-1000-1000.8.bin 第 0 次耗时: 0.009456 秒
/root/upper_level_algorithm_opt/src/./matrix-1000-1000-1000.9.bin 第 0 次耗时: 0.00944 秒
/root/upper_level_algorithm_opt/src/./matrix-1000-1000-1000.0.bin 第 1 次耗时: 0.009401 秒
/root/upper_level_algorithm_opt/src/./matrix-1000-1000-1000.1.bin 第 1 次耗时: 0.009463 秒
/root/upper_level_algorithm_opt/src/./matrix-1000-1000-1000.2.bin 第 1 次耗时: 0.009448 秒
/root/upper_level_algorithm_opt/src/./matrix-1000-1000-1000.3.bin 第 1 次耗时: 0.009485 秒
/root/upper_level_algorithm_opt/src/./matrix-1000-1000-1000.4.bin 第 1 次耗时: 0.010341 秒
/root/upper_level_algorithm_opt/src/./matrix-1000-1000-1000.5.bin 第 1 次耗时: 0.011163 秒
/root/upper_level_algorithm_opt/src/./matrix-1000-1000-1000.6.bin 第 1 次耗时: 0.010255 秒
/root/upper_level_algorithm_opt/src/./matrix-1000-1000-1000.7.bin 第 1 次耗时: 0.010974 秒
/root/upper_level_algorithm_opt/src/./matrix-1000-1000-1000.8.bin 第 1 次耗时: 0.010507 秒
/root/upper_level_algorithm_opt/src/./matrix-1000-1000-1000.9.bin 第 1 次耗时: 0.009511 秒
/root/upper_level_algorithm_opt/src/./matrix-1000-1000-1000.0.bin 第 2 次耗时: 0.009754 秒
/root/upper_level_algorithm_opt/src/./matrix-1000-1000-1000.1.bin 第 2 次耗时: 0.009469 秒
/root/upper_level_algorithm_opt/src/./matrix-1000-1000-1000.2.bin 第 2 次耗时: 0.009404 秒
/root/upper_level_algorithm_opt/src/./matrix-1000-1000-1000.3.bin 第 2 次耗时: 0.009509 秒
/root/upper_level_algorithm_opt/src/./matrix-1000-1000-1000.4.bin 第 2 次耗时: 0.009505 秒
/root/upper_level_algorithm_opt/src/./matrix-1000-1000-1000.5.bin 第 2 次耗时: 0.009509 秒
/root/upper_level_algorithm_opt/src/./matrix-1000-1000-1000.6.bin 第 2 次耗时: 0.009407 秒
/root/upper_level_algorithm_opt/src/./matrix-1000-1000-1000.7.bin 第 2 次耗时: 0.009483 秒
/root/upper_level_algorithm_opt/src/./matrix-1000-1000-1000.8.bin 第 2 次耗时: 0.009481 秒
/root/upper_level_algorithm_opt/src/./matrix-1000-1000-1000.9.bin 第 2 次耗时: 0.009467 秒
/root/upper_level_algorithm_opt/src/./matrix-1000-1000-1000.0.bin 第 3 次耗时: 0.009457 秒
/root/upper_level_algorithm_opt/src/./matrix-1000-1000-1000.1.bin 第 3 次耗时: 0.009381 秒
/root/upper_level_algorithm_opt/src/./matrix-1000-1000-1000.2.bin 第 3 次耗时: 0.009498 秒
/root/upper_level_algorithm_opt/src/./matrix-1000-1000-1000.3.bin 第 3 次耗时: 0.009427 秒
/root/upper_level_algorithm_opt/src/./matrix-1000-1000-1000.4.bin 第 3 次耗时: 0.009505 秒
/root/upper_level_algorithm_opt/src/./matrix-1000-1000-1000.5.bin 第 3 次耗时: 0.00951 秒
/root/upper_level_algorithm_opt/src/./matrix-1000-1000-1000.6.bin 第 3 次耗时: 0.009558 秒
/root/upper_level_algorithm_opt/src/./matrix-1000-1000-1000.7.bin 第 3 次耗时: 0.015276 秒
/root/upper_level_algorithm_opt/src/./matrix-1000-1000-1000.8.bin 第 3 次耗时: 0.009536 秒
/root/upper_level_algorithm_opt/src/./matrix-1000-1000-1000.9.bin 第 3 次耗时: 0.009539 秒
/root/upper_level_algorithm_opt/src/./matrix-1000-1000-1000.0.bin 第 4 次耗时: 0.009489 秒
/root/upper_level_algorithm_opt/src/./matrix-1000-1000-1000.1.bin 第 4 次耗时: 0.009494 秒
/root/upper_level_algorithm_opt/src/./matrix-1000-1000-1000.2.bin 第 4 次耗时: 0.009514 秒
/root/upper_level_algorithm_opt/src/./matrix-1000-1000-1000.3.bin 第 4 次耗时: 0.009508 秒
/root/upper_level_algorithm_opt/src/./matrix-1000-1000-1000.4.bin 第 4 次耗时: 0.00941 秒
/root/upper_level_algorithm_opt/src/./matrix-1000-1000-1000.5.bin 第 4 次耗时: 0.009459 秒
/root/upper_level_algorithm_opt/src/./matrix-1000-1000-1000.6.bin 第 4 次耗时: 0.010672 秒
/root/upper_level_algorithm_opt/src/./matrix-1000-1000-1000.7.bin 第 4 次耗时: 0.009503 秒
/root/upper_level_algorithm_opt/src/./matrix-1000-1000-1000.8.bin 第 4 次耗时: 0.028773 秒
/root/upper_level_algorithm_opt/src/./matrix-1000-1000-1000.9.bin 第 4 次耗时: 0.009479 秒
测量结束
