----------------------------------------------------------------------
Beginning MPAS-atmosphere Output Log File for task       0 of       1
    Opened at 2024/11/14 20:14:44
----------------------------------------------------------------------

 
 Using default single-precision reals
 
 Reading namelist from file namelist.atmosphere
 *** Encountered an issue while attempting to read namelist record assimilation
     The following values will be used for variables in this record:
 
         config_jedi_da = F
 
 
 ----- Setting up physics suite 'mesoscale_reference' -----
 
     config_microp_scheme       = mp_wsm6
     config_convection_scheme   = cu_ntiedtke
     config_pbl_scheme          = bl_ysu
     config_gwdo_scheme         = bl_ysu_gwdo
     config_radt_cld_scheme     = cld_fraction
     config_radt_lw_scheme      = rrtmg_lw
     config_radt_sw_scheme      = rrtmg_sw
     config_sfclayer_scheme     = sf_monin_obukhov
     config_lsm_scheme          = noah
 
 ----- Setting up package variables -----
 
     mp_kessler_in           = F
     mp_thompson_in          = F
     mp_wsm6_in              = T
     cu_grell_freitas_in     = F
     cu_kain_fritsch_in      = F
     cu_tiedtke_in           = T
     bl_mynn_in              = F
     bl_ysu_in               = T
 
 Reading streams configuration from file streams.atmosphere
 Found mesh stream with filename template x1.40962.init.nc
 Using default io_type for mesh stream
  ** Attempting to bootstrap MPAS framework using stream: input
 Bootstrapping framework with mesh fields from input file 'x1.40962.init.nc'
  * Requested field rainprod is deactivated due to packages, or is a scratch variable.
  * Requested field evapprod is deactivated due to packages, or is a scratch variable.
  * Requested field nt_c is deactivated due to packages, or is a scratch variable.
  * Requested field mu_c is deactivated due to packages, or is a scratch variable.
  * Requested field nca is deactivated due to packages, or is a scratch variable.
  * Requested field cubot is deactivated due to packages, or is a scratch variable.
  * Requested field cutop is deactivated due to packages, or is a scratch variable.
  * Requested field w0avg is deactivated due to packages, or is a scratch variable.
  * Requested field qcg is deactivated due to packages, or is a scratch variable.
  * Requested field sh3d is deactivated due to packages, or is a scratch variable.
  * Requested field qke is deactivated due to packages, or is a scratch variable.
  * Requested field qke_adv is deactivated due to packages, or is a scratch variable.
  * Requested field cov is deactivated due to packages, or is a scratch variable.
  * Requested field qsq is deactivated due to packages, or is a scratch variable.
  * Requested field tsq is deactivated due to packages, or is a scratch variable.
  * Requested field tke_pbl is deactivated due to packages, or is a scratch variable.
  * Requested field el_pbl is deactivated due to packages, or is a scratch variable.
  * Requested field ch is deactivated due to packages, or is a scratch variable.
  * Requested field k22_shallow is deactivated due to packages, or is a scratch variable.
  * Requested field kbcon_shallow is deactivated due to packages, or is a scratch variable.
  * Requested field ktop_shallow is deactivated due to packages, or is a scratch variable.
  * Requested field ktop_deep is deactivated due to packages, or is a scratch variable.
  * Requested field xmb_total is deactivated due to packages, or is a scratch variable.
  * Requested field xmb_shallow is deactivated due to packages, or is a scratch variable.
  * Requested field qc_cu is deactivated due to packages, or is a scratch variable.
  * Requested field qi_cu is deactivated due to packages, or is a scratch variable.
  * Requested field rqrcuten is deactivated due to packages, or is a scratch variable.
  * Requested field rqscuten is deactivated due to packages, or is a scratch variable.
  * Requested field rniblten is deactivated due to packages, or is a scratch variable.
  * Requested field u_amb is deactivated due to packages, or is a scratch variable.
  * Requested field rho_amb is deactivated due to packages, or is a scratch variable.
  * Requested field theta_amb is deactivated due to packages, or is a scratch variable.
  * Requested field lbc_u is deactivated due to packages, or is a scratch variable.
  * Requested field lbc_w is deactivated due to packages, or is a scratch variable.
  * Requested field lbc_rho is deactivated due to packages, or is a scratch variable.
  * Requested field lbc_theta is deactivated due to packages, or is a scratch variable.
 
Parsing run-time I/O configuration from streams.atmosphere ...
 
 -----  found immutable stream "input" in streams.atmosphere  -----
         filename template:  x1.40962.init.nc
         filename interval:  none
         direction:          input
         reference time:     initial_time
         record interval:    -
         real precision:     4 bytes
         input alarm:        initial_only
 
 -----  found immutable stream "restart" in streams.atmosphere  -----
         filename template:  restart.$Y-$M-$D_$h.$m.$s.nc
         filename interval:  none
         direction:          input, output
         reference time:     initial_time
         record interval:    -
         input alarm:        initial_only
         output alarm:       none
 
 -----  found immutable stream "iau" in streams.atmosphere  -----
         filename template:  AmB.$Y-$M-$D_$h.$m.$s.nc
         filename interval:  none
         direction:          input
         reference time:     initial_time
         record interval:    -
         input alarm:        initial_only
         package:            iau

 
 -----  found immutable stream "lbc_in" in streams.atmosphere  -----
         filename template:  lbc.$Y-$M-$D_$h.$m.$s.nc
         filename interval:  3:00:00
         direction:          input
         reference time:     initial_time
         record interval:    -
         input alarm:        3:00:00
         package:            limited_area

 
 -----  found stream "output" in streams.atmosphere  -----
         filename template:  history.$Y-$M-$D_$h.$m.$s.nc
         filename interval:  none
         direction:          output
         reference time:     initial_time
         record interval:    -
         output alarm:       none
 
 -----  found stream "diagnostics" in streams.atmosphere  -----
         filename template:  diag.$Y-$M-$D_$h.$m.$s.nc
         filename interval:  none
         direction:          output
         reference time:     initial_time
         record interval:    -
         output alarm:       none
 
 -----  found stream "surface" in streams.atmosphere  -----
         filename template:  sfc_update.nc
         filename interval:  none
         direction:          input
         reference time:     initial_time
         record interval:    -
         input alarm:        none
 
 ----- done parsing run-time I/O from streams.atmosphere -----

  ** Validating streams
 
 
 Reading dimensions from input streams ...
 
 ----- reading dimensions from stream 'input' using file x1.40962.init.nc
        nVertLevels = 56
        nCells = 40962
        nEdges = 122880
        nVertices = 81920
        TWO = 2
        maxEdges = 10
        maxEdges2 = 20
        R3 = 3
        vertexDegree = 3
        nVertLevelsP1 = 57
        FIFTEEN = 15
        nMonths = 12
        nSoilLevels = 4
 
   *** unable to open input file restart.2010-10-23_00.00.00.nc for stream 'restart'
 
   *** unable to open input file AmB.2010-10-23_00.00.00.nc for stream 'iau'
 
   *** unable to open input file lbc.2010-10-23_00.00.00.nc for stream 'lbc_in'
 
   *** unable to open input file sfc_update.nc for stream 'surface'
 
 ----- done reading dimensions from input streams -----
 
 
 Processing decomposed dimensions ...
 
  ----- done processing decomposed dimensions -----
 
 
 Assigning remaining dimensions from definitions in Registry.xml ...
        THREE = 3
        TWENTYONE = 21
        nLags = 140 (input_soil_temperature_lag)
        nOznLevels = 59 (noznlev)
        nAerLevels = 29 (naerlev)
        cam_dim1 = 4 (camdim1)
        nVertLevelsP2 = 58
        nIsoLevelsT = 5
        nIsoLevelsZ = 13
 
  ----- done assigning dimensions from Registry.xml -----
 
 
WARNING: Variable qi not in input file.
WARNING: Variable qs not in input file.
WARNING: Variable qg not in input file.
 
 Checking consistency of limited-area settings...
  - config_apply_lbcs = F
  - Maximum value in bdyMaskCell = 0
  ----- done checking limited-area settings -----
 
      DT_RADTLW   =7200.00
      DT_RADTSW   =7200.00
      DT_CU       =720.000
      DT_PBL      =720.000
      IMS =1   IME =40962
      JMS =1   JME =1
      KMS =1   KME =57
      IDS =1   IDE =40963
      JDS =1   JDE =2
      KDS =1   KDE =57
      ITS =1   ITE =40962
      JTS =1   JTE =1
      KTS =1   KTE =56
 --- specifics on cloud microphysics option microp_scheme = mp_wsm6
 --- dt_microp = 720.000
 --- n_microp  = 1
 --- has_reqc  = 0
 --- has_reqi  = 0
 --- has_reqs  = 0
     skipping over lutype = OLD
     skipping over lutype = USGS
     landuse type = MODIFIED_IGBP_MODIS_NOAH found          33  categories           2  seasons
 
 --- initialize NOAH LSM tables
     skipping over lutype = USGS
     landuse type = MODIFIED_IGBP_MODIS_NOAH found          20  categories
     end read VEGPARM.TBL
     input soil texture classification = STAS
     soil texture classification = STAS found          19  categories
     end read SOILPARM.TBL
     end read GENPARM.TBL
 --- end initialize NOAH LSM tables
 
 min/max of meshScalingDel2 = 1.00000 1.00000
 min/max of meshScalingDel4 = 1.00000 1.00000
 
 Begin timestep 2010-10-23_00:00:00
 --- time to update background surface albedo, greeness fraction.
 --- time to run the LW radiation scheme L_RADLW =T
 --- time to run the SW radiation scheme L_RADSW =T
 --- time to run the convection scheme L_CONV    =T
 --- time to update the ozone climatology for RRTMG radiation codes
 --- time to apply limit to accumulated rainc and rainnc L_ACRAIN   =F
 --- time to apply limit to accumulated radiation diags. L_ACRADT   =F
 --- time to calculate additional physics_diagnostics               =F
  split dynamics-transport integration 3
 
 global min, max w -0.780069 0.885455
 global min, max u -89.4142 88.8460
  Timing for integration step: 48.3793 s
 
 Begin timestep 2010-10-23_00:12:00
 --- time to run the LW radiation scheme L_RADLW =F
 --- time to run the SW radiation scheme L_RADSW =F
 --- time to run the convection scheme L_CONV    =T
 --- time to apply limit to accumulated rainc and rainnc L_ACRAIN   =F
 --- time to apply limit to accumulated radiation diags. L_ACRADT   =F
 --- time to calculate additional physics_diagnostics               =F
  split dynamics-transport integration 3
 
 global min, max w -0.812552 1.25899
 global min, max u -89.0350 88.9621
  Timing for integration step: 15.4741 s
 
 ********************************************************
    Finished running the atmosphere core
 ********************************************************
 
 
  Timer information:
     Globals are computed across all threads and processors
 
  Columns:
     total time: Global max of accumulated time spent in timer
     calls: Total number of times this timer was started / stopped.
     min: Global min of time spent in a single start / stop
     max: Global max of time spent in a single start / stop
     avg: Global max of average time spent in a single start / stop
     pct_tot: Percent of the timer at level 1
     pct_par: Percent of the parent timer (one level up)
     par_eff: Parallel efficiency, global average total time / global max total time
 
 
    timer_name                                            total       calls        min            max            avg      pct_tot   pct_par     par_eff
  1 total time                                          75.94129         1       75.94129       75.94129       75.94129   100.00       0.00       1.00
  2  initialize                                         12.07336         1       12.07336       12.07336       12.07336    15.90      15.90       1.00
  2  time integration                                   63.85343         2       15.47413       48.37930       31.92672    84.08      84.08       1.00
  3   physics driver                                    38.79892         2        2.58698       36.21194       19.39946    51.09      60.76       1.00
  4    calc_cldfraction                                  0.00426         1        0.00426        0.00426        0.00426     0.01       0.01       1.00
  4    RRTMG_sw                                         20.26729         1       20.26729       20.26729       20.26729    26.69      52.24       1.00
  4    RRTMG_lw                                         13.12789         1       13.12789       13.12789       13.12789    17.29      33.84       1.00
  4    Monin-Obukhov                                     0.02448         2        0.01170        0.01277        0.01224     0.03       0.06       1.00
  4    Noah                                              0.04019         2        0.02006        0.02013        0.02010     0.05       0.10       1.00
  4    YSU                                               0.69503         2        0.34045        0.35458        0.34752     0.92       1.79       1.00
  4    bl_ysu_gwdo                                       0.19789         2        0.09809        0.09980        0.09895     0.26       0.51       1.00
  4    New_Tiedtke                                       2.24682         2        1.11922        1.12761        1.12341     2.96       5.79       1.00
  3   atm_rk_integration_setup                           0.13586         2        0.06752        0.06834        0.06793     0.18       0.21       1.00
  3   atm_compute_moist_coefficients                     0.11009         2        0.05440        0.05569        0.05504     0.14       0.17       1.00
  3   physics_get_tend                                   0.15499         2        0.07645        0.07854        0.07749     0.20       0.24       1.00
  3   atm_compute_vert_imp_coefs                         0.13182         6        0.02183        0.02231        0.02197     0.17       0.21       1.00
  3   atm_compute_dyn_tend                               6.27277        18        0.30018        0.44050        0.34849     8.26       9.82       1.00
  3   small_step_prep                                    0.42741        18        0.02332        0.02465        0.02374     0.56       0.67       1.00
  3   atm_advance_acoustic_step                          1.21661        24        0.04696        0.05911        0.05069     1.60       1.91       1.00
  3   atm_divergence_damping_3d                          0.37353        24        0.01505        0.01636        0.01556     0.49       0.58       1.00
  3   atm_recover_large_step_variables                   0.83701        18        0.03815        0.06271        0.04650     1.10       1.31       1.00
  3   atm_compute_solve_diagnostics                      1.52728        18        0.07251        0.10912        0.08485     2.01       2.39       1.00
  3   atm_rk_dynamics_substep_finish                     0.24482         6        0.02832        0.04862        0.04080     0.32       0.38       1.00
  3   atm_advance_scalars                                1.33562         4        0.29854        0.42421        0.33390     1.76       2.09       1.00
  3   atm_advance_scalars_mono                           1.74994         2        0.73165        1.01829        0.87497     2.30       2.74       1.00
  3   microphysics                                      10.36842         2        5.02341        5.34501        5.18421    13.65      16.24       1.00
  4    WSM6                                              9.19601         2        4.43150        4.76452        4.59801    12.11      88.69       1.00
 
 -----------------------------------------
 Total log messages printed:
    Output messages =                  296
    Warning messages =                   3
    Error messages =                     0
    Critical error messages =            0
 -----------------------------------------
 Logging complete.  Closing file at 2024/11/14 20:16:00
